<?xml version="1.0" encoding="UTF-8"?>
<!-- Generated by org.testng.reporters.JUnitXMLReporter -->
<testsuite hostname="Mahesh" ignored="0" name="Default test" tests="3" failures="0" timestamp="22 Jun 2018 09:35:51 GMT" time="0.108" errors="0">
  <testcase name="f" time="0.035" classname="automation.maven.MaventestgroupTest"/>
  <testcase name="g" time="0.006" classname="automation.maven.MaventestgroupTest"/>
  <testcase name="h" time="0.001" classname="automation.maven.MaventestgroupTest"/>
</testsuite> <!-- Default test -->
