<?xml version="1.0" encoding="UTF-8"?>
<testng-results skipped="0" failed="0" ignored="0" total="1" passed="1">
  <reporter-output>
  </reporter-output>
  <suite name="Default suite" duration-ms="149" started-at="2018-06-23T10:00:38Z" finished-at="2018-06-23T10:00:38Z">
    <groups>
    </groups>
    <test name="Default test" duration-ms="149" started-at="2018-06-23T10:00:38Z" finished-at="2018-06-23T10:00:38Z">
      <class name="sampleTest">
        <test-method status="PASS" signature="beforeTest()[pri:0, instance:sampleTest@224edc67]" name="beforeTest" is-config="true" duration-ms="78" started-at="2018-06-23T10:00:38Z" finished-at="2018-06-23T10:00:38Z">
          <reporter-output>
          </reporter-output>
        </test-method> <!-- beforeTest -->
        <test-method status="PASS" signature="f()[pri:0, instance:sampleTest@224edc67]" name="f" duration-ms="0" started-at="2018-06-23T10:00:38Z" finished-at="2018-06-23T10:00:38Z">
          <reporter-output>
          </reporter-output>
        </test-method> <!-- f -->
      </class> <!-- sampleTest -->
    </test> <!-- Default test -->
  </suite> <!-- Default suite -->
</testng-results>
