<?xml version="1.0" encoding="UTF-8"?>
<testng-results skipped="0" failed="0" ignored="1" total="3" passed="2">
  <reporter-output>
  </reporter-output>
  <suite name="Suite" duration-ms="97" started-at="2018-06-22T09:48:45Z" finished-at="2018-06-22T09:48:45Z">
    <groups>
      <group name="flavour">
        <method signature="MaventestgroupTest.f()[pri:0, instance:automation.maven.MaventestgroupTest@5b0abc94]" name="f" class="automation.maven.MaventestgroupTest"/>
        <method signature="MaventestgroupTest.g()[pri:0, instance:automation.maven.MaventestgroupTest@5b0abc94]" name="g" class="automation.maven.MaventestgroupTest"/>
      </group> <!-- flavour -->
    </groups>
    <test name="gropusTest" duration-ms="97" started-at="2018-06-22T09:48:45Z" finished-at="2018-06-22T09:48:45Z">
      <class name="automation.maven.MaventestgroupTest">
        <test-method status="PASS" signature="f()[pri:0, instance:automation.maven.MaventestgroupTest@5b0abc94]" name="f" duration-ms="21" started-at="2018-06-22T09:48:45Z" finished-at="2018-06-22T09:48:45Z">
          <reporter-output>
          </reporter-output>
        </test-method> <!-- f -->
        <test-method status="PASS" signature="g()[pri:0, instance:automation.maven.MaventestgroupTest@5b0abc94]" name="g" duration-ms="6" started-at="2018-06-22T09:48:45Z" finished-at="2018-06-22T09:48:45Z">
          <reporter-output>
          </reporter-output>
        </test-method> <!-- g -->
      </class> <!-- automation.maven.MaventestgroupTest -->
    </test> <!-- gropusTest -->
  </suite> <!-- Suite -->
</testng-results>
